01-10 02:34:10 com_github_MitjaNemec_PlaceFootprints.action_place_footprints 647:Plugin executed on: 'win32'
01-10 02:34:10 com_github_MitjaNemec_PlaceFootprints.action_place_footprints 648:Plugin executed with python version: '3.11.5 (main, Nov  3 2024, 06:58:22) [MSC v.1939 64 bit (AMD64)]'
01-10 02:34:10 com_github_MitjaNemec_PlaceFootprints.action_place_footprints 649:KiCad build version: 8.0.7
01-10 02:34:10 com_github_MitjaNemec_PlaceFootprints.action_place_footprints 650:Plugin version: 3.0.0
01-10 02:34:10 com_github_MitjaNemec_PlaceFootprints.action_place_footprints 651:Frame repr: <wx._core.Frame object at 0x0000018AC40DA5F0>
01-10 02:34:10 com_github_MitjaNemec_PlaceFootprints.place_footprints 121:getting a list of all footprints on board
01-10 02:34:10 com_github_MitjaNemec_PlaceFootprints.place_footprints 156:Footprint J8 on root level
01-10 02:34:10 com_github_MitjaNemec_PlaceFootprints.place_footprints 156:Footprint J7 on root level
01-10 02:34:10 com_github_MitjaNemec_PlaceFootprints.place_footprints 156:Footprint J6 on root level
01-10 02:34:10 com_github_MitjaNemec_PlaceFootprints.place_footprints 156:Footprint J5 on root level
01-10 02:34:10 com_github_MitjaNemec_PlaceFootprints.place_footprints 156:Footprint J4 on root level
01-10 02:34:10 com_github_MitjaNemec_PlaceFootprints.place_footprints 156:Footprint J3 on root level
01-10 02:34:10 com_github_MitjaNemec_PlaceFootprints.place_footprints 156:Footprint J2 on root level
01-10 02:34:10 com_github_MitjaNemec_PlaceFootprints.place_footprints 156:Footprint J1 on root level
01-10 02:34:10 com_github_MitjaNemec_PlaceFootprints.place_footprints 156:Footprint U4 on root level
01-10 02:34:10 com_github_MitjaNemec_PlaceFootprints.place_footprints 156:Footprint U3 on root level
01-10 02:34:10 com_github_MitjaNemec_PlaceFootprints.place_footprints 156:Footprint U2 on root level
01-10 02:34:10 com_github_MitjaNemec_PlaceFootprints.place_footprints 156:Footprint U1 on root level
01-10 02:34:10 com_github_MitjaNemec_PlaceFootprints.place_footprints 156:Footprint R14 on root level
01-10 02:34:10 com_github_MitjaNemec_PlaceFootprints.place_footprints 156:Footprint R13 on root level
01-10 02:34:10 com_github_MitjaNemec_PlaceFootprints.place_footprints 156:Footprint R12 on root level
01-10 02:34:10 com_github_MitjaNemec_PlaceFootprints.place_footprints 156:Footprint R11 on root level
01-10 02:34:10 com_github_MitjaNemec_PlaceFootprints.place_footprints 156:Footprint R10 on root level
01-10 02:34:10 com_github_MitjaNemec_PlaceFootprints.place_footprints 156:Footprint R9 on root level
01-10 02:34:10 com_github_MitjaNemec_PlaceFootprints.place_footprints 156:Footprint R8 on root level
01-10 02:34:10 com_github_MitjaNemec_PlaceFootprints.place_footprints 156:Footprint R7 on root level
01-10 02:34:10 com_github_MitjaNemec_PlaceFootprints.place_footprints 156:Footprint R6 on root level
01-10 02:34:10 com_github_MitjaNemec_PlaceFootprints.place_footprints 156:Footprint R5 on root level
01-10 02:34:10 com_github_MitjaNemec_PlaceFootprints.place_footprints 156:Footprint R4 on root level
01-10 02:34:10 com_github_MitjaNemec_PlaceFootprints.place_footprints 156:Footprint R3 on root level
01-10 02:34:10 com_github_MitjaNemec_PlaceFootprints.place_footprints 156:Footprint R2 on root level
01-10 02:34:10 com_github_MitjaNemec_PlaceFootprints.place_footprints 156:Footprint D16 on root level
01-10 02:34:10 com_github_MitjaNemec_PlaceFootprints.place_footprints 156:Footprint D15 on root level
01-10 02:34:10 com_github_MitjaNemec_PlaceFootprints.place_footprints 156:Footprint D14 on root level
01-10 02:34:10 com_github_MitjaNemec_PlaceFootprints.place_footprints 156:Footprint D13 on root level
01-10 02:34:10 com_github_MitjaNemec_PlaceFootprints.place_footprints 156:Footprint D12 on root level
01-10 02:34:10 com_github_MitjaNemec_PlaceFootprints.place_footprints 156:Footprint D11 on root level
01-10 02:34:10 com_github_MitjaNemec_PlaceFootprints.place_footprints 156:Footprint D10 on root level
01-10 02:34:10 com_github_MitjaNemec_PlaceFootprints.place_footprints 156:Footprint D9 on root level
01-10 02:34:10 com_github_MitjaNemec_PlaceFootprints.place_footprints 156:Footprint D8 on root level
01-10 02:34:10 com_github_MitjaNemec_PlaceFootprints.place_footprints 156:Footprint D7 on root level
01-10 02:34:10 com_github_MitjaNemec_PlaceFootprints.place_footprints 156:Footprint D6 on root level
01-10 02:34:10 com_github_MitjaNemec_PlaceFootprints.place_footprints 156:Footprint D5 on root level
01-10 02:34:10 com_github_MitjaNemec_PlaceFootprints.place_footprints 156:Footprint D4 on root level
01-10 02:34:10 com_github_MitjaNemec_PlaceFootprints.place_footprints 156:Footprint D3 on root level
01-10 02:34:10 com_github_MitjaNemec_PlaceFootprints.place_footprints 156:Footprint D2 on root level
01-10 02:34:10 com_github_MitjaNemec_PlaceFootprints.place_footprints 156:Footprint D1 on root level
01-10 02:34:10 com_github_MitjaNemec_PlaceFootprints.place_footprints 156:Footprint REF** on root level
01-10 02:34:10 com_github_MitjaNemec_PlaceFootprints.place_footprints 156:Footprint R1 on root level
01-10 02:34:11 com_github_MitjaNemec_PlaceFootprints.action_place_footprints 830:Reference designator is: J
01-10 02:34:11 com_github_MitjaNemec_PlaceFootprints.action_place_footprints 831:Reference number is: 1
01-10 02:34:11 com_github_MitjaNemec_PlaceFootprints.action_place_footprints 863:Sorted and filtered list:
['J1', 'J2', 'J3', 'J4', 'J5', 'J6', 'J7', 'J8', 'J9']
01-10 02:34:11 com_github_MitjaNemec_PlaceFootprints.action_place_footprints 359:wx.Colour(240, 240, 240, 255)
01-10 02:34:23 com_github_MitjaNemec_PlaceFootprints.action_place_footprints 490:'0'
01-10 02:34:23 com_github_MitjaNemec_PlaceFootprints.action_place_footprints 536:Preparing config for reference linear
01-10 02:34:23 com_github_MitjaNemec_PlaceFootprints.action_place_footprints 556:Saving config file
01-10 02:34:23 com_github_MitjaNemec_PlaceFootprints.action_place_footprints 558:Saved the config file
01-10 02:34:23 com_github_MitjaNemec_PlaceFootprints.action_place_footprints 901:Footprints to place:
['J1', 'J2', 'J3', 'J4', 'J5', 'J6', 'J7', 'J8']
01-10 02:34:23 com_github_MitjaNemec_PlaceFootprints.place_footprints 367:Starting placing with linear layout
01-10 02:34:23 com_github_MitjaNemec_PlaceFootprints.action_place_footprints 942:Placing complete
