12-27 04:41:10 com_github_MitjaNemec_ReplicateLayout.action_replicate_layout 392:Plugin executed on: 'win32'
12-27 04:41:10 com_github_MitjaNemec_ReplicateLayout.action_replicate_layout 393:Plugin executed with python version: '3.11.5 (main, Nov  3 2024, 06:58:22) [MSC v.1939 64 bit (AMD64)]'
12-27 04:41:10 com_github_MitjaNemec_ReplicateLayout.action_replicate_layout 394:KiCad build version: 8.0.7
12-27 04:41:10 com_github_MitjaNemec_ReplicateLayout.action_replicate_layout 395:Plugin version: 3.0.3
12-27 04:41:10 com_github_MitjaNemec_ReplicateLayout.action_replicate_layout 396:Frame repr: <wx._core.Frame object at 0x000001DD73869A20>
12-27 04:41:10 com_github_MitjaNemec_ReplicateLayout.action_replicate_layout 420:Preparing replicator with RV1 as a reference
12-27 04:41:10 com_github_MitjaNemec_ReplicateLayout.replicate_layout 117:getting a list of all footprints on board
12-27 04:41:10 com_github_MitjaNemec_ReplicateLayout.action_replicate_layout 468:source anchor footprint is 'RV1'
Located on: ['controls', 'mono_channel']
With filenames: ['controls.kicad_sch', 'mono_channel.kicad_sch']
With sheet_id:['controls', 'mono_channel']
12-27 04:41:10 com_github_MitjaNemec_ReplicateLayout.action_replicate_layout 475:Corresponding footprints are 
[('RV14', ['controls', 'mono_channel4']), ('RV11', ['controls', 'mono_channel3']), ('RV6', ['controls', 'mono_channel2']), ('RV2', ['controls', 'mono_channel1']), ('RV1', ['controls', 'mono_channel'])]
12-27 04:41:10 com_github_MitjaNemec_ReplicateLayout.action_replicate_layout 487:Showing dialog
12-27 04:41:10 com_github_MitjaNemec_ReplicateLayout.replicate_layout 472:constructing a list of sheets suitable for replication on level:'mono_channel', file:'mono_channel.kicad_sch'
12-27 04:41:10 com_github_MitjaNemec_ReplicateLayout.replicate_layout 509:suitable sheets are:[['controls', 'mono_channel1'], ['controls', 'mono_channel2'], ['controls', 'mono_channel3'], ['controls', 'mono_channel4']]
12-27 04:41:10 com_github_MitjaNemec_ReplicateLayout.replicate_layout 1507:Level selected: ['controls', 'mono_channel']
12-27 04:41:10 com_github_MitjaNemec_ReplicateLayout.replicate_layout 1331:Filtering list of tracks
12-27 04:41:10 com_github_MitjaNemec_ReplicateLayout.action_replicate_layout 493:Toolbar position: wx.Point(3439, 111)
12-27 04:41:10 com_github_MitjaNemec_ReplicateLayout.action_replicate_layout 498:Dialog position: wx.Point(3000, 111)
12-27 04:41:12 com_github_MitjaNemec_ReplicateLayout.replicate_layout 472:constructing a list of sheets suitable for replication on level:'mono_channel', file:'mono_channel.kicad_sch'
12-27 04:41:12 com_github_MitjaNemec_ReplicateLayout.replicate_layout 509:suitable sheets are:[['controls', 'mono_channel1'], ['controls', 'mono_channel2'], ['controls', 'mono_channel3'], ['controls', 'mono_channel4']]
12-27 04:41:12 com_github_MitjaNemec_ReplicateLayout.action_replicate_layout 240:Replicating layout
12-27 04:41:12 com_github_MitjaNemec_ReplicateLayout.replicate_layout 288:Starting replication of sheets: [['controls', 'mono_channel1'], ['controls', 'mono_channel2'], ['controls', 'mono_channel3'], ['controls', 'mono_channel4']]
on level: ['controls', 'mono_channel']
with tracks=True, zone=True, text=True, text=True, intersecting=False, remove=False, locked footprints=False, group_only=False
12-27 04:41:12 root 332:updating GUI message: 'Preparing for replication'
12-27 04:41:12 root 337:updating GUI with: 0
12-27 04:41:12 com_github_MitjaNemec_ReplicateLayout.replicate_layout 358:Getting the list of source footprints
12-27 04:41:12 com_github_MitjaNemec_ReplicateLayout.replicate_layout 368:Getting the list of all the remaining footprints
12-27 04:41:12 com_github_MitjaNemec_ReplicateLayout.replicate_layout 375:Getting source tracks
12-27 04:41:12 com_github_MitjaNemec_ReplicateLayout.replicate_layout 1331:Filtering list of tracks
12-27 04:41:12 com_github_MitjaNemec_ReplicateLayout.replicate_layout 379:Getting source zones
12-27 04:41:12 com_github_MitjaNemec_ReplicateLayout.replicate_layout 383:Getting source text items
12-27 04:41:12 com_github_MitjaNemec_ReplicateLayout.replicate_layout 387:Getting source drawing items
12-27 04:41:12 root 332:updating GUI message: 'Replicating footprints'
12-27 04:41:12 com_github_MitjaNemec_ReplicateLayout.replicate_layout 861:Replicating footprints
12-27 04:41:12 com_github_MitjaNemec_ReplicateLayout.replicate_layout 868:Replicating footprints on sheet ['controls', 'mono_channel1']
12-27 04:41:12 com_github_MitjaNemec_ReplicateLayout.replicate_layout 985:Src text UUid:ba5eb754-9970-4652-8bc6-e930bf88b4df
12-27 04:41:12 com_github_MitjaNemec_ReplicateLayout.replicate_layout 986:Dst text UUid:30277c9f-51dc-41cc-88ce-6dfc782ae134
12-27 04:41:12 com_github_MitjaNemec_ReplicateLayout.replicate_layout 985:Src text UUid:aad35e28-06c3-41d2-b1a1-90d7bdcc2dc4
12-27 04:41:12 com_github_MitjaNemec_ReplicateLayout.replicate_layout 986:Dst text UUid:811eeecc-ef13-4da4-8e92-8ccb96c8bf3d
12-27 04:41:12 com_github_MitjaNemec_ReplicateLayout.replicate_layout 985:Src text UUid:7d98b421-153e-4342-84a5-88b63977ca35
12-27 04:41:12 com_github_MitjaNemec_ReplicateLayout.replicate_layout 986:Dst text UUid:a047a707-08d3-435d-bf2a-618851b8eee3
12-27 04:41:12 com_github_MitjaNemec_ReplicateLayout.replicate_layout 985:Src text UUid:8de1ddf8-80c2-45d8-a359-d7d2bbeeb6ed
12-27 04:41:12 com_github_MitjaNemec_ReplicateLayout.replicate_layout 986:Dst text UUid:d972a1d7-fa74-47da-89f5-fd1ee3994978
12-27 04:41:12 com_github_MitjaNemec_ReplicateLayout.replicate_layout 985:Src text UUid:358c0781-8e64-41ea-8c62-f52e3129eba0
12-27 04:41:12 com_github_MitjaNemec_ReplicateLayout.replicate_layout 986:Dst text UUid:1ea2b608-36df-4333-be84-36896854fc08
12-27 04:41:12 com_github_MitjaNemec_ReplicateLayout.replicate_layout 985:Src text UUid:12267cc8-f337-45a5-bbd7-2fea68e8d98e
12-27 04:41:12 com_github_MitjaNemec_ReplicateLayout.replicate_layout 986:Dst text UUid:b1ac29ea-f288-4af2-bde7-a76194d6d1cd
12-27 04:41:12 com_github_MitjaNemec_ReplicateLayout.replicate_layout 985:Src text UUid:9ddaeed8-8f31-40f9-a93d-dd741c8f0f05
12-27 04:41:12 com_github_MitjaNemec_ReplicateLayout.replicate_layout 986:Dst text UUid:78f51630-6816-4b0a-a1c1-3ae2f6525ac8
12-27 04:41:12 com_github_MitjaNemec_ReplicateLayout.replicate_layout 985:Src text UUid:6f2a5453-fac3-4384-9237-97ca5002bd72
12-27 04:41:12 com_github_MitjaNemec_ReplicateLayout.replicate_layout 986:Dst text UUid:e1d42a2b-1268-4aa1-8f83-6ec29c062040
12-27 04:41:12 com_github_MitjaNemec_ReplicateLayout.replicate_layout 985:Src text UUid:d14a6687-d942-42d3-9fa6-e47f3eb32cc0
12-27 04:41:12 com_github_MitjaNemec_ReplicateLayout.replicate_layout 986:Dst text UUid:658da6d0-b06d-42d3-8269-447af3bddabe
12-27 04:41:12 com_github_MitjaNemec_ReplicateLayout.replicate_layout 985:Src text UUid:84a4a766-24ba-48f3-8836-04c8c4fc97d8
12-27 04:41:12 com_github_MitjaNemec_ReplicateLayout.replicate_layout 986:Dst text UUid:03a85bcd-9163-40da-86e7-322d033c10ad
12-27 04:41:12 com_github_MitjaNemec_ReplicateLayout.replicate_layout 985:Src text UUid:e032537c-6072-4cdc-9428-228f1cab7ec6
12-27 04:41:12 com_github_MitjaNemec_ReplicateLayout.replicate_layout 986:Dst text UUid:b82ab1fd-2ed4-49ad-babd-8f6c21efbf90
12-27 04:41:12 com_github_MitjaNemec_ReplicateLayout.replicate_layout 985:Src text UUid:1e984c77-1b48-458d-b95a-87bbb633f18e
12-27 04:41:12 com_github_MitjaNemec_ReplicateLayout.replicate_layout 986:Dst text UUid:db6ba259-8746-4e20-b23e-dfbd44d6b5df
12-27 04:41:12 com_github_MitjaNemec_ReplicateLayout.replicate_layout 985:Src text UUid:1fba3c01-e61c-4df8-9c01-320bab64e64a
12-27 04:41:12 com_github_MitjaNemec_ReplicateLayout.replicate_layout 986:Dst text UUid:9e3715e4-fa3f-4a7d-a1ca-c9041114ff38
12-27 04:41:12 root 337:updating GUI with: 12
12-27 04:41:12 com_github_MitjaNemec_ReplicateLayout.replicate_layout 985:Src text UUid:80b85dcc-dc04-4dad-8191-2b4db1e79881
12-27 04:41:12 com_github_MitjaNemec_ReplicateLayout.replicate_layout 986:Dst text UUid:700d5a00-8b99-414f-b56a-3f92bad6db99
12-27 04:41:12 com_github_MitjaNemec_ReplicateLayout.replicate_layout 985:Src text UUid:a8ac4a62-5fd6-44c1-b2d1-74e39ba31442
12-27 04:41:12 com_github_MitjaNemec_ReplicateLayout.replicate_layout 986:Dst text UUid:09878d4c-0fc9-4160-8b3a-65c10526d385
12-27 04:41:12 com_github_MitjaNemec_ReplicateLayout.replicate_layout 985:Src text UUid:af4d327d-dede-48b1-afbf-d464d3643e78
12-27 04:41:12 com_github_MitjaNemec_ReplicateLayout.replicate_layout 986:Dst text UUid:5ebb4534-530a-458a-8937-469b21a4c789
12-27 04:41:12 com_github_MitjaNemec_ReplicateLayout.replicate_layout 985:Src text UUid:da6a89b2-e8a1-4167-b27f-950aadff7e9b
12-27 04:41:12 com_github_MitjaNemec_ReplicateLayout.replicate_layout 986:Dst text UUid:a667f8c1-d42e-4941-b591-d188a9317364
12-27 04:41:12 com_github_MitjaNemec_ReplicateLayout.replicate_layout 985:Src text UUid:baf1ec77-79cb-43e6-846f-951a890cc9b9
12-27 04:41:12 com_github_MitjaNemec_ReplicateLayout.replicate_layout 986:Dst text UUid:1a3284b3-4313-4440-abe3-9051abbec4cc
12-27 04:41:12 com_github_MitjaNemec_ReplicateLayout.replicate_layout 985:Src text UUid:07230423-aae4-4022-97e7-e299d08a14e0
12-27 04:41:12 com_github_MitjaNemec_ReplicateLayout.replicate_layout 986:Dst text UUid:54dd222e-26af-4084-afda-78d8e356883c
12-27 04:41:12 com_github_MitjaNemec_ReplicateLayout.replicate_layout 985:Src text UUid:150676dd-a690-4a2b-a743-d3ec7d357cfe
12-27 04:41:12 com_github_MitjaNemec_ReplicateLayout.replicate_layout 986:Dst text UUid:5f66e5ea-028d-4e99-a60b-b3732b535bd0
12-27 04:41:12 com_github_MitjaNemec_ReplicateLayout.replicate_layout 985:Src text UUid:572a707d-2875-4599-ab26-f0f5f06d8290
12-27 04:41:12 com_github_MitjaNemec_ReplicateLayout.replicate_layout 986:Dst text UUid:09bd1e90-33f2-4596-a9ff-ed08a8096d63
12-27 04:41:12 com_github_MitjaNemec_ReplicateLayout.replicate_layout 985:Src text UUid:f162a4c3-f3f4-484e-88a3-b8b078bf7a9f
12-27 04:41:12 com_github_MitjaNemec_ReplicateLayout.replicate_layout 986:Dst text UUid:dde947c8-6352-45d2-a658-8f724e9190d6
12-27 04:41:12 com_github_MitjaNemec_ReplicateLayout.replicate_layout 985:Src text UUid:5c50fd0e-a43e-4498-bb70-7ad70151787c
12-27 04:41:12 com_github_MitjaNemec_ReplicateLayout.replicate_layout 986:Dst text UUid:4ebcb52f-cd6a-42fa-8150-42b66112e12a
12-27 04:41:12 com_github_MitjaNemec_ReplicateLayout.replicate_layout 985:Src text UUid:e82126a8-0bd2-4a41-878f-9ccb1bc6d62a
12-27 04:41:12 com_github_MitjaNemec_ReplicateLayout.replicate_layout 986:Dst text UUid:59f913ed-4cef-4a3c-a907-2eb7fdbada55
12-27 04:41:12 com_github_MitjaNemec_ReplicateLayout.replicate_layout 985:Src text UUid:20fcfbdf-cb94-4c6f-ad4a-a941eb0ccb07
12-27 04:41:12 com_github_MitjaNemec_ReplicateLayout.replicate_layout 986:Dst text UUid:07548fcc-ca47-47c2-87ac-b18cc81697a9
12-27 04:41:12 com_github_MitjaNemec_ReplicateLayout.replicate_layout 985:Src text UUid:79531e09-d192-4f4e-b1d8-9f787f7e95fd
12-27 04:41:12 com_github_MitjaNemec_ReplicateLayout.replicate_layout 986:Dst text UUid:8f7fa7f2-903d-4635-8a09-8a60d6ed3dd2
12-27 04:41:12 com_github_MitjaNemec_ReplicateLayout.replicate_layout 985:Src text UUid:32142b86-c1d0-4f88-90a5-a10fee517e27
12-27 04:41:12 com_github_MitjaNemec_ReplicateLayout.replicate_layout 986:Dst text UUid:d523a2af-9bf6-44ba-8336-d5ef22482cad
12-27 04:41:12 com_github_MitjaNemec_ReplicateLayout.replicate_layout 985:Src text UUid:d86ad0e4-f070-45bd-a96c-85723311c6b0
12-27 04:41:12 com_github_MitjaNemec_ReplicateLayout.replicate_layout 986:Dst text UUid:9cfff4b1-0401-4505-a523-18ae8bb1fa97
12-27 04:41:12 com_github_MitjaNemec_ReplicateLayout.replicate_layout 985:Src text UUid:18c9dac7-aa03-443a-9e1d-3bb8e870c653
12-27 04:41:12 com_github_MitjaNemec_ReplicateLayout.replicate_layout 986:Dst text UUid:68d9a338-edfa-4cbb-955f-a0fbc0c036a4
12-27 04:41:12 com_github_MitjaNemec_ReplicateLayout.replicate_layout 985:Src text UUid:14693049-136e-4013-9c2e-b7ed3b69301c
12-27 04:41:12 com_github_MitjaNemec_ReplicateLayout.replicate_layout 986:Dst text UUid:2362f429-337f-4d91-a14c-4d852bb7aa62
12-27 04:41:12 com_github_MitjaNemec_ReplicateLayout.replicate_layout 985:Src text UUid:33cf3711-a799-4dfa-a8f5-24d54b6fd7d3
12-27 04:41:12 com_github_MitjaNemec_ReplicateLayout.replicate_layout 986:Dst text UUid:4416f414-4116-4691-a9ee-aef8454452f4
12-27 04:41:12 com_github_MitjaNemec_ReplicateLayout.replicate_layout 868:Replicating footprints on sheet ['controls', 'mono_channel2']
12-27 04:41:12 com_github_MitjaNemec_ReplicateLayout.replicate_layout 985:Src text UUid:ba5eb754-9970-4652-8bc6-e930bf88b4df
12-27 04:41:12 com_github_MitjaNemec_ReplicateLayout.replicate_layout 986:Dst text UUid:73d61f59-61a0-407b-b6d5-9511c774b1b8
12-27 04:41:12 com_github_MitjaNemec_ReplicateLayout.replicate_layout 985:Src text UUid:aad35e28-06c3-41d2-b1a1-90d7bdcc2dc4
12-27 04:41:12 com_github_MitjaNemec_ReplicateLayout.replicate_layout 986:Dst text UUid:cb1d864c-43ba-45af-b3c8-e3f001682bd2
12-27 04:41:12 com_github_MitjaNemec_ReplicateLayout.replicate_layout 985:Src text UUid:7d98b421-153e-4342-84a5-88b63977ca35
12-27 04:41:12 com_github_MitjaNemec_ReplicateLayout.replicate_layout 986:Dst text UUid:da80bb33-6a64-4060-96ec-aa22a5a63be9
12-27 04:41:12 com_github_MitjaNemec_ReplicateLayout.replicate_layout 985:Src text UUid:8de1ddf8-80c2-45d8-a359-d7d2bbeeb6ed
12-27 04:41:12 com_github_MitjaNemec_ReplicateLayout.replicate_layout 986:Dst text UUid:6faf2d25-adea-4e0c-b46a-ee6a6ad0aeaa
12-27 04:41:12 com_github_MitjaNemec_ReplicateLayout.replicate_layout 985:Src text UUid:358c0781-8e64-41ea-8c62-f52e3129eba0
12-27 04:41:12 com_github_MitjaNemec_ReplicateLayout.replicate_layout 986:Dst text UUid:b4b2d4ec-250a-450b-822d-87870b98ff6e
12-27 04:41:12 com_github_MitjaNemec_ReplicateLayout.replicate_layout 985:Src text UUid:12267cc8-f337-45a5-bbd7-2fea68e8d98e
12-27 04:41:12 com_github_MitjaNemec_ReplicateLayout.replicate_layout 986:Dst text UUid:3c2bd13d-e599-4517-b04f-0db987e360cd
12-27 04:41:12 com_github_MitjaNemec_ReplicateLayout.replicate_layout 985:Src text UUid:9ddaeed8-8f31-40f9-a93d-dd741c8f0f05
12-27 04:41:12 com_github_MitjaNemec_ReplicateLayout.replicate_layout 986:Dst text UUid:8219114e-afd3-42f1-83c7-662c4cb9198f
12-27 04:41:12 com_github_MitjaNemec_ReplicateLayout.replicate_layout 985:Src text UUid:6f2a5453-fac3-4384-9237-97ca5002bd72
12-27 04:41:12 com_github_MitjaNemec_ReplicateLayout.replicate_layout 986:Dst text UUid:38234b62-2d8f-4754-9aad-5a3eafa14fb0
12-27 04:41:12 com_github_MitjaNemec_ReplicateLayout.replicate_layout 985:Src text UUid:d14a6687-d942-42d3-9fa6-e47f3eb32cc0
12-27 04:41:12 com_github_MitjaNemec_ReplicateLayout.replicate_layout 986:Dst text UUid:de63b7e7-031a-4f7a-a5c6-8f8dc603b48f
12-27 04:41:12 com_github_MitjaNemec_ReplicateLayout.replicate_layout 985:Src text UUid:84a4a766-24ba-48f3-8836-04c8c4fc97d8
12-27 04:41:12 com_github_MitjaNemec_ReplicateLayout.replicate_layout 986:Dst text UUid:410dc397-d5f4-4a45-8f5d-6ffa24306bfc
12-27 04:41:12 com_github_MitjaNemec_ReplicateLayout.replicate_layout 985:Src text UUid:e032537c-6072-4cdc-9428-228f1cab7ec6
12-27 04:41:12 com_github_MitjaNemec_ReplicateLayout.replicate_layout 986:Dst text UUid:beb5953d-cb11-47b0-bf17-65a766edb626
12-27 04:41:12 com_github_MitjaNemec_ReplicateLayout.replicate_layout 985:Src text UUid:1e984c77-1b48-458d-b95a-87bbb633f18e
12-27 04:41:12 com_github_MitjaNemec_ReplicateLayout.replicate_layout 986:Dst text UUid:8056254a-abce-45fa-819b-cbef92fbb91b
12-27 04:41:12 com_github_MitjaNemec_ReplicateLayout.replicate_layout 985:Src text UUid:1fba3c01-e61c-4df8-9c01-320bab64e64a
12-27 04:41:12 com_github_MitjaNemec_ReplicateLayout.replicate_layout 986:Dst text UUid:b47f783f-51dc-4801-8d43-460c2fcf52cf
12-27 04:41:12 com_github_MitjaNemec_ReplicateLayout.replicate_layout 985:Src text UUid:80b85dcc-dc04-4dad-8191-2b4db1e79881
12-27 04:41:12 com_github_MitjaNemec_ReplicateLayout.replicate_layout 986:Dst text UUid:baab254c-b115-4e27-bc41-6251483d8bf2
12-27 04:41:12 com_github_MitjaNemec_ReplicateLayout.replicate_layout 985:Src text UUid:a8ac4a62-5fd6-44c1-b2d1-74e39ba31442
12-27 04:41:12 com_github_MitjaNemec_ReplicateLayout.replicate_layout 986:Dst text UUid:8553a0d9-545b-4d11-bb00-18109be65c2f
12-27 04:41:12 com_github_MitjaNemec_ReplicateLayout.replicate_layout 985:Src text UUid:af4d327d-dede-48b1-afbf-d464d3643e78
12-27 04:41:12 com_github_MitjaNemec_ReplicateLayout.replicate_layout 986:Dst text UUid:e91b4dbb-3433-4ac7-b98a-0762ee4d646d
12-27 04:41:12 com_github_MitjaNemec_ReplicateLayout.replicate_layout 985:Src text UUid:da6a89b2-e8a1-4167-b27f-950aadff7e9b
12-27 04:41:12 com_github_MitjaNemec_ReplicateLayout.replicate_layout 986:Dst text UUid:3fd183a3-b10d-4070-86da-ff317f469fea
12-27 04:41:12 com_github_MitjaNemec_ReplicateLayout.replicate_layout 985:Src text UUid:baf1ec77-79cb-43e6-846f-951a890cc9b9
12-27 04:41:12 com_github_MitjaNemec_ReplicateLayout.replicate_layout 986:Dst text UUid:94cf05cb-090c-4223-92d5-e18b66485c6a
12-27 04:41:12 com_github_MitjaNemec_ReplicateLayout.replicate_layout 985:Src text UUid:07230423-aae4-4022-97e7-e299d08a14e0
12-27 04:41:12 com_github_MitjaNemec_ReplicateLayout.replicate_layout 986:Dst text UUid:0ad78983-1c6f-48b0-964b-7ee9b5706977
12-27 04:41:12 com_github_MitjaNemec_ReplicateLayout.replicate_layout 985:Src text UUid:150676dd-a690-4a2b-a743-d3ec7d357cfe
12-27 04:41:12 com_github_MitjaNemec_ReplicateLayout.replicate_layout 986:Dst text UUid:341e189c-2932-4104-a64b-b3aefea8304a
12-27 04:41:12 com_github_MitjaNemec_ReplicateLayout.replicate_layout 985:Src text UUid:572a707d-2875-4599-ab26-f0f5f06d8290
12-27 04:41:12 com_github_MitjaNemec_ReplicateLayout.replicate_layout 986:Dst text UUid:af17b732-f74d-4ad8-b112-15633837545f
12-27 04:41:12 com_github_MitjaNemec_ReplicateLayout.replicate_layout 985:Src text UUid:f162a4c3-f3f4-484e-88a3-b8b078bf7a9f
12-27 04:41:12 com_github_MitjaNemec_ReplicateLayout.replicate_layout 986:Dst text UUid:fa4af293-5360-4fe0-912e-2396037b62fa
12-27 04:41:12 root 337:updating GUI with: 45
12-27 04:41:12 com_github_MitjaNemec_ReplicateLayout.replicate_layout 985:Src text UUid:5c50fd0e-a43e-4498-bb70-7ad70151787c
12-27 04:41:12 com_github_MitjaNemec_ReplicateLayout.replicate_layout 986:Dst text UUid:95305718-bbe8-455d-ae31-31b190bb7d8e
12-27 04:41:12 com_github_MitjaNemec_ReplicateLayout.replicate_layout 985:Src text UUid:e82126a8-0bd2-4a41-878f-9ccb1bc6d62a
12-27 04:41:12 com_github_MitjaNemec_ReplicateLayout.replicate_layout 986:Dst text UUid:589583ee-e8a4-46fa-921a-7c2545cd29ae
12-27 04:41:12 com_github_MitjaNemec_ReplicateLayout.replicate_layout 985:Src text UUid:20fcfbdf-cb94-4c6f-ad4a-a941eb0ccb07
12-27 04:41:12 com_github_MitjaNemec_ReplicateLayout.replicate_layout 986:Dst text UUid:9e3b2bef-3323-4b00-992f-9d01ac36f08a
12-27 04:41:12 com_github_MitjaNemec_ReplicateLayout.replicate_layout 985:Src text UUid:79531e09-d192-4f4e-b1d8-9f787f7e95fd
12-27 04:41:12 com_github_MitjaNemec_ReplicateLayout.replicate_layout 986:Dst text UUid:132d1042-f3d0-4b60-8f4b-e12c2be72b9c
12-27 04:41:12 com_github_MitjaNemec_ReplicateLayout.replicate_layout 985:Src text UUid:32142b86-c1d0-4f88-90a5-a10fee517e27
12-27 04:41:12 com_github_MitjaNemec_ReplicateLayout.replicate_layout 986:Dst text UUid:c250565e-5d7a-4e1f-ad94-b495fe234fc0
12-27 04:41:12 com_github_MitjaNemec_ReplicateLayout.replicate_layout 985:Src text UUid:d86ad0e4-f070-45bd-a96c-85723311c6b0
12-27 04:41:12 com_github_MitjaNemec_ReplicateLayout.replicate_layout 986:Dst text UUid:cd280c25-8e6d-47bb-b35d-9ae6426ac25a
12-27 04:41:12 com_github_MitjaNemec_ReplicateLayout.replicate_layout 985:Src text UUid:18c9dac7-aa03-443a-9e1d-3bb8e870c653
12-27 04:41:12 com_github_MitjaNemec_ReplicateLayout.replicate_layout 986:Dst text UUid:f9ef9e85-a8e0-40ff-8dac-621480046e2b
12-27 04:41:12 com_github_MitjaNemec_ReplicateLayout.replicate_layout 985:Src text UUid:14693049-136e-4013-9c2e-b7ed3b69301c
12-27 04:41:12 com_github_MitjaNemec_ReplicateLayout.replicate_layout 986:Dst text UUid:818439ec-dff4-42e7-bb2d-34b6e96e10b4
12-27 04:41:12 com_github_MitjaNemec_ReplicateLayout.replicate_layout 985:Src text UUid:33cf3711-a799-4dfa-a8f5-24d54b6fd7d3
12-27 04:41:12 com_github_MitjaNemec_ReplicateLayout.replicate_layout 986:Dst text UUid:b53b7d19-36c4-4993-843b-daf748316c47
12-27 04:41:12 com_github_MitjaNemec_ReplicateLayout.replicate_layout 868:Replicating footprints on sheet ['controls', 'mono_channel3']
12-27 04:41:12 com_github_MitjaNemec_ReplicateLayout.replicate_layout 985:Src text UUid:ba5eb754-9970-4652-8bc6-e930bf88b4df
12-27 04:41:12 com_github_MitjaNemec_ReplicateLayout.replicate_layout 986:Dst text UUid:f415b852-b514-4b27-9d2d-8dad85db1cff
12-27 04:41:12 com_github_MitjaNemec_ReplicateLayout.replicate_layout 985:Src text UUid:aad35e28-06c3-41d2-b1a1-90d7bdcc2dc4
12-27 04:41:12 com_github_MitjaNemec_ReplicateLayout.replicate_layout 986:Dst text UUid:66988ef2-5b1a-424f-9276-06c8a30f7c46
12-27 04:41:12 com_github_MitjaNemec_ReplicateLayout.replicate_layout 985:Src text UUid:7d98b421-153e-4342-84a5-88b63977ca35
12-27 04:41:12 com_github_MitjaNemec_ReplicateLayout.replicate_layout 986:Dst text UUid:b76a924d-b19b-4a84-b2a0-fbbc401f16de
12-27 04:41:12 com_github_MitjaNemec_ReplicateLayout.replicate_layout 985:Src text UUid:8de1ddf8-80c2-45d8-a359-d7d2bbeeb6ed
12-27 04:41:12 com_github_MitjaNemec_ReplicateLayout.replicate_layout 986:Dst text UUid:e8c710c1-d2d6-47e7-a129-5cf7da2d1a52
12-27 04:41:12 com_github_MitjaNemec_ReplicateLayout.replicate_layout 985:Src text UUid:358c0781-8e64-41ea-8c62-f52e3129eba0
12-27 04:41:12 com_github_MitjaNemec_ReplicateLayout.replicate_layout 986:Dst text UUid:c99c952a-27c1-48bd-ba8c-78bfadc63089
12-27 04:41:12 com_github_MitjaNemec_ReplicateLayout.replicate_layout 985:Src text UUid:12267cc8-f337-45a5-bbd7-2fea68e8d98e
12-27 04:41:12 com_github_MitjaNemec_ReplicateLayout.replicate_layout 986:Dst text UUid:3ed5c688-78f5-48c8-b552-ab95711ce92d
12-27 04:41:12 com_github_MitjaNemec_ReplicateLayout.replicate_layout 985:Src text UUid:9ddaeed8-8f31-40f9-a93d-dd741c8f0f05
12-27 04:41:12 com_github_MitjaNemec_ReplicateLayout.replicate_layout 986:Dst text UUid:54956f7c-09e6-41df-b394-9750a1cb6c98
12-27 04:41:12 com_github_MitjaNemec_ReplicateLayout.replicate_layout 985:Src text UUid:6f2a5453-fac3-4384-9237-97ca5002bd72
12-27 04:41:12 com_github_MitjaNemec_ReplicateLayout.replicate_layout 986:Dst text UUid:e6d01c0d-6518-45ac-8b6e-b2407fd49117
12-27 04:41:12 com_github_MitjaNemec_ReplicateLayout.replicate_layout 985:Src text UUid:d14a6687-d942-42d3-9fa6-e47f3eb32cc0
12-27 04:41:12 com_github_MitjaNemec_ReplicateLayout.replicate_layout 986:Dst text UUid:90316cc9-3b6c-49c4-98c3-4d47bb56ea95
12-27 04:41:12 com_github_MitjaNemec_ReplicateLayout.replicate_layout 985:Src text UUid:84a4a766-24ba-48f3-8836-04c8c4fc97d8
12-27 04:41:12 com_github_MitjaNemec_ReplicateLayout.replicate_layout 986:Dst text UUid:1b2e5de8-f4d2-4429-a85b-b2c4ab30e5d2
12-27 04:41:12 com_github_MitjaNemec_ReplicateLayout.replicate_layout 985:Src text UUid:e032537c-6072-4cdc-9428-228f1cab7ec6
12-27 04:41:12 com_github_MitjaNemec_ReplicateLayout.replicate_layout 986:Dst text UUid:dae524dc-e58e-4baf-9876-e3b5fae499cb
12-27 04:41:12 com_github_MitjaNemec_ReplicateLayout.replicate_layout 985:Src text UUid:1e984c77-1b48-458d-b95a-87bbb633f18e
12-27 04:41:12 com_github_MitjaNemec_ReplicateLayout.replicate_layout 986:Dst text UUid:807be6ef-6bfe-4e8c-b0c6-035fe44f723f
12-27 04:41:12 com_github_MitjaNemec_ReplicateLayout.replicate_layout 985:Src text UUid:1fba3c01-e61c-4df8-9c01-320bab64e64a
12-27 04:41:12 com_github_MitjaNemec_ReplicateLayout.replicate_layout 986:Dst text UUid:2d9bf29f-0be8-4fd4-87a7-9cbd7914c6b3
12-27 04:41:12 com_github_MitjaNemec_ReplicateLayout.replicate_layout 985:Src text UUid:80b85dcc-dc04-4dad-8191-2b4db1e79881
12-27 04:41:12 com_github_MitjaNemec_ReplicateLayout.replicate_layout 986:Dst text UUid:48caaeed-d5f9-45f9-9662-c13bf95c9878
12-27 04:41:12 com_github_MitjaNemec_ReplicateLayout.replicate_layout 985:Src text UUid:a8ac4a62-5fd6-44c1-b2d1-74e39ba31442
12-27 04:41:12 com_github_MitjaNemec_ReplicateLayout.replicate_layout 986:Dst text UUid:34e9cc88-192c-4196-94a3-228e95892436
12-27 04:41:12 com_github_MitjaNemec_ReplicateLayout.replicate_layout 985:Src text UUid:af4d327d-dede-48b1-afbf-d464d3643e78
12-27 04:41:12 com_github_MitjaNemec_ReplicateLayout.replicate_layout 986:Dst text UUid:3b05e41b-e244-4508-bddb-c3ca47066e6e
12-27 04:41:12 com_github_MitjaNemec_ReplicateLayout.replicate_layout 985:Src text UUid:da6a89b2-e8a1-4167-b27f-950aadff7e9b
12-27 04:41:12 com_github_MitjaNemec_ReplicateLayout.replicate_layout 986:Dst text UUid:0cbe5749-c477-4f3e-9e52-b72e6bb5982a
12-27 04:41:12 com_github_MitjaNemec_ReplicateLayout.replicate_layout 985:Src text UUid:baf1ec77-79cb-43e6-846f-951a890cc9b9
12-27 04:41:12 com_github_MitjaNemec_ReplicateLayout.replicate_layout 986:Dst text UUid:ccfaf773-e718-49b7-bf9a-f3e1d032e4e5
12-27 04:41:12 com_github_MitjaNemec_ReplicateLayout.replicate_layout 985:Src text UUid:07230423-aae4-4022-97e7-e299d08a14e0
12-27 04:41:12 com_github_MitjaNemec_ReplicateLayout.replicate_layout 986:Dst text UUid:995a76ad-f50b-44f7-95ac-b864971236fe
12-27 04:41:12 com_github_MitjaNemec_ReplicateLayout.replicate_layout 985:Src text UUid:150676dd-a690-4a2b-a743-d3ec7d357cfe
12-27 04:41:12 com_github_MitjaNemec_ReplicateLayout.replicate_layout 986:Dst text UUid:64c6acc2-2072-4980-872d-e441455aae7c
12-27 04:41:12 com_github_MitjaNemec_ReplicateLayout.replicate_layout 985:Src text UUid:572a707d-2875-4599-ab26-f0f5f06d8290
12-27 04:41:12 com_github_MitjaNemec_ReplicateLayout.replicate_layout 986:Dst text UUid:4cd6166f-cd0f-4101-a89e-d424578dbde2
12-27 04:41:12 com_github_MitjaNemec_ReplicateLayout.replicate_layout 985:Src text UUid:f162a4c3-f3f4-484e-88a3-b8b078bf7a9f
12-27 04:41:12 com_github_MitjaNemec_ReplicateLayout.replicate_layout 986:Dst text UUid:e8b1847c-6099-42d6-a370-29a2c5f9c52e
12-27 04:41:12 com_github_MitjaNemec_ReplicateLayout.replicate_layout 985:Src text UUid:5c50fd0e-a43e-4498-bb70-7ad70151787c
12-27 04:41:12 com_github_MitjaNemec_ReplicateLayout.replicate_layout 986:Dst text UUid:0ac04d70-07e9-4f6b-935b-356378aa4168
12-27 04:41:12 com_github_MitjaNemec_ReplicateLayout.replicate_layout 985:Src text UUid:e82126a8-0bd2-4a41-878f-9ccb1bc6d62a
12-27 04:41:12 com_github_MitjaNemec_ReplicateLayout.replicate_layout 986:Dst text UUid:228d4e9e-42f7-4459-bb38-5b2c59cf389d
12-27 04:41:12 com_github_MitjaNemec_ReplicateLayout.replicate_layout 985:Src text UUid:20fcfbdf-cb94-4c6f-ad4a-a941eb0ccb07
12-27 04:41:12 com_github_MitjaNemec_ReplicateLayout.replicate_layout 986:Dst text UUid:1b7a0064-5875-4990-a779-8615f72a1d82
12-27 04:41:12 com_github_MitjaNemec_ReplicateLayout.replicate_layout 985:Src text UUid:79531e09-d192-4f4e-b1d8-9f787f7e95fd
12-27 04:41:12 com_github_MitjaNemec_ReplicateLayout.replicate_layout 986:Dst text UUid:0d3added-f4f0-4206-9086-aef2b56820b8
12-27 04:41:12 com_github_MitjaNemec_ReplicateLayout.replicate_layout 985:Src text UUid:32142b86-c1d0-4f88-90a5-a10fee517e27
12-27 04:41:12 com_github_MitjaNemec_ReplicateLayout.replicate_layout 986:Dst text UUid:8bc8c3a1-0d91-4437-bfa9-5a6f2400f566
12-27 04:41:12 com_github_MitjaNemec_ReplicateLayout.replicate_layout 985:Src text UUid:d86ad0e4-f070-45bd-a96c-85723311c6b0
12-27 04:41:12 com_github_MitjaNemec_ReplicateLayout.replicate_layout 986:Dst text UUid:a700df06-dd98-42ef-a2af-ce500bdeb6d9
12-27 04:41:12 com_github_MitjaNemec_ReplicateLayout.replicate_layout 985:Src text UUid:18c9dac7-aa03-443a-9e1d-3bb8e870c653
12-27 04:41:12 com_github_MitjaNemec_ReplicateLayout.replicate_layout 986:Dst text UUid:cf6f7805-011f-41bf-95fa-f4cbb642dcef
12-27 04:41:12 com_github_MitjaNemec_ReplicateLayout.replicate_layout 985:Src text UUid:14693049-136e-4013-9c2e-b7ed3b69301c
12-27 04:41:12 com_github_MitjaNemec_ReplicateLayout.replicate_layout 986:Dst text UUid:060de6b4-d72e-402c-a5b2-e6c09fbac781
12-27 04:41:12 com_github_MitjaNemec_ReplicateLayout.replicate_layout 985:Src text UUid:33cf3711-a799-4dfa-a8f5-24d54b6fd7d3
12-27 04:41:12 com_github_MitjaNemec_ReplicateLayout.replicate_layout 986:Dst text UUid:bb75383e-f493-4758-891c-8bee116c414c
12-27 04:41:12 com_github_MitjaNemec_ReplicateLayout.replicate_layout 868:Replicating footprints on sheet ['controls', 'mono_channel4']
12-27 04:41:12 com_github_MitjaNemec_ReplicateLayout.replicate_layout 985:Src text UUid:ba5eb754-9970-4652-8bc6-e930bf88b4df
12-27 04:41:12 com_github_MitjaNemec_ReplicateLayout.replicate_layout 986:Dst text UUid:2417879e-cd98-41ea-bad0-522aa75bb905
12-27 04:41:12 com_github_MitjaNemec_ReplicateLayout.replicate_layout 985:Src text UUid:aad35e28-06c3-41d2-b1a1-90d7bdcc2dc4
12-27 04:41:12 com_github_MitjaNemec_ReplicateLayout.replicate_layout 986:Dst text UUid:7fde2334-dfa3-4aad-a58e-a4e9060aa432
12-27 04:41:12 com_github_MitjaNemec_ReplicateLayout.replicate_layout 985:Src text UUid:7d98b421-153e-4342-84a5-88b63977ca35
12-27 04:41:12 com_github_MitjaNemec_ReplicateLayout.replicate_layout 986:Dst text UUid:2671fef0-9625-452f-8332-35df090dba97
12-27 04:41:12 com_github_MitjaNemec_ReplicateLayout.replicate_layout 985:Src text UUid:8de1ddf8-80c2-45d8-a359-d7d2bbeeb6ed
12-27 04:41:12 com_github_MitjaNemec_ReplicateLayout.replicate_layout 986:Dst text UUid:352e918c-9778-45fa-9034-a21d7ef10ebf
12-27 04:41:12 com_github_MitjaNemec_ReplicateLayout.replicate_layout 985:Src text UUid:358c0781-8e64-41ea-8c62-f52e3129eba0
12-27 04:41:12 com_github_MitjaNemec_ReplicateLayout.replicate_layout 986:Dst text UUid:1ba5b648-da3a-4ced-a06c-f6dc0606a6d0
12-27 04:41:12 com_github_MitjaNemec_ReplicateLayout.replicate_layout 985:Src text UUid:12267cc8-f337-45a5-bbd7-2fea68e8d98e
12-27 04:41:12 com_github_MitjaNemec_ReplicateLayout.replicate_layout 986:Dst text UUid:98c58cd0-318b-43b3-8c4f-cd110eabd1a8
12-27 04:41:12 com_github_MitjaNemec_ReplicateLayout.replicate_layout 985:Src text UUid:9ddaeed8-8f31-40f9-a93d-dd741c8f0f05
12-27 04:41:12 com_github_MitjaNemec_ReplicateLayout.replicate_layout 986:Dst text UUid:2bb845c3-03fa-4d4a-bfcd-548b3f197818
12-27 04:41:12 com_github_MitjaNemec_ReplicateLayout.replicate_layout 985:Src text UUid:6f2a5453-fac3-4384-9237-97ca5002bd72
12-27 04:41:12 com_github_MitjaNemec_ReplicateLayout.replicate_layout 986:Dst text UUid:71765dcf-3b09-40bf-854c-2adbfd183ab5
12-27 04:41:12 com_github_MitjaNemec_ReplicateLayout.replicate_layout 985:Src text UUid:d14a6687-d942-42d3-9fa6-e47f3eb32cc0
12-27 04:41:12 com_github_MitjaNemec_ReplicateLayout.replicate_layout 986:Dst text UUid:94124799-f32d-48e8-bc72-9fb7bef7d8da
12-27 04:41:12 root 337:updating GUI with: 85
12-27 04:41:12 com_github_MitjaNemec_ReplicateLayout.replicate_layout 985:Src text UUid:84a4a766-24ba-48f3-8836-04c8c4fc97d8
12-27 04:41:12 com_github_MitjaNemec_ReplicateLayout.replicate_layout 986:Dst text UUid:3440348f-25bb-4a24-bf77-cdbf9e99aae6
12-27 04:41:12 com_github_MitjaNemec_ReplicateLayout.replicate_layout 985:Src text UUid:e032537c-6072-4cdc-9428-228f1cab7ec6
12-27 04:41:12 com_github_MitjaNemec_ReplicateLayout.replicate_layout 986:Dst text UUid:f6038b0f-b6c8-4546-8b1f-881a844d7098
12-27 04:41:12 com_github_MitjaNemec_ReplicateLayout.replicate_layout 985:Src text UUid:1e984c77-1b48-458d-b95a-87bbb633f18e
12-27 04:41:12 com_github_MitjaNemec_ReplicateLayout.replicate_layout 986:Dst text UUid:c1d2170d-622b-451e-be53-a1010b547dd9
12-27 04:41:12 com_github_MitjaNemec_ReplicateLayout.replicate_layout 985:Src text UUid:1fba3c01-e61c-4df8-9c01-320bab64e64a
12-27 04:41:12 com_github_MitjaNemec_ReplicateLayout.replicate_layout 986:Dst text UUid:070ab312-3368-4464-ae1b-8b1d3e7dc860
12-27 04:41:12 com_github_MitjaNemec_ReplicateLayout.replicate_layout 985:Src text UUid:80b85dcc-dc04-4dad-8191-2b4db1e79881
12-27 04:41:12 com_github_MitjaNemec_ReplicateLayout.replicate_layout 986:Dst text UUid:ca10df4a-f219-4984-857e-dfdbbd0d6c1c
12-27 04:41:12 com_github_MitjaNemec_ReplicateLayout.replicate_layout 985:Src text UUid:a8ac4a62-5fd6-44c1-b2d1-74e39ba31442
12-27 04:41:12 com_github_MitjaNemec_ReplicateLayout.replicate_layout 986:Dst text UUid:52b718ed-ae8c-4cf3-bfe2-1951ca0114f7
12-27 04:41:12 com_github_MitjaNemec_ReplicateLayout.replicate_layout 985:Src text UUid:af4d327d-dede-48b1-afbf-d464d3643e78
12-27 04:41:12 com_github_MitjaNemec_ReplicateLayout.replicate_layout 986:Dst text UUid:4b04df4d-502b-488c-967e-168035833bdf
12-27 04:41:12 com_github_MitjaNemec_ReplicateLayout.replicate_layout 985:Src text UUid:da6a89b2-e8a1-4167-b27f-950aadff7e9b
12-27 04:41:12 com_github_MitjaNemec_ReplicateLayout.replicate_layout 986:Dst text UUid:1fe266ef-4da3-413b-b990-0ac3a5c081b0
12-27 04:41:12 com_github_MitjaNemec_ReplicateLayout.replicate_layout 985:Src text UUid:baf1ec77-79cb-43e6-846f-951a890cc9b9
12-27 04:41:12 com_github_MitjaNemec_ReplicateLayout.replicate_layout 986:Dst text UUid:f0c8fb5a-780f-4df4-800f-53024a1715f2
12-27 04:41:12 com_github_MitjaNemec_ReplicateLayout.replicate_layout 985:Src text UUid:07230423-aae4-4022-97e7-e299d08a14e0
12-27 04:41:12 com_github_MitjaNemec_ReplicateLayout.replicate_layout 986:Dst text UUid:a783b838-7b44-44fc-b57e-e2646cc28324
12-27 04:41:12 com_github_MitjaNemec_ReplicateLayout.replicate_layout 985:Src text UUid:150676dd-a690-4a2b-a743-d3ec7d357cfe
12-27 04:41:12 com_github_MitjaNemec_ReplicateLayout.replicate_layout 986:Dst text UUid:d504d54f-8d6f-479c-8a2b-7fcb161a3907
12-27 04:41:12 com_github_MitjaNemec_ReplicateLayout.replicate_layout 985:Src text UUid:572a707d-2875-4599-ab26-f0f5f06d8290
12-27 04:41:12 com_github_MitjaNemec_ReplicateLayout.replicate_layout 986:Dst text UUid:9a73556c-2105-423e-a0e9-7c23fcbc38fb
12-27 04:41:12 com_github_MitjaNemec_ReplicateLayout.replicate_layout 985:Src text UUid:f162a4c3-f3f4-484e-88a3-b8b078bf7a9f
12-27 04:41:12 com_github_MitjaNemec_ReplicateLayout.replicate_layout 986:Dst text UUid:79e8fd82-599f-458d-a9d1-768a9c562a7b
12-27 04:41:12 com_github_MitjaNemec_ReplicateLayout.replicate_layout 985:Src text UUid:5c50fd0e-a43e-4498-bb70-7ad70151787c
12-27 04:41:12 com_github_MitjaNemec_ReplicateLayout.replicate_layout 986:Dst text UUid:0e7adef7-608e-4eaf-8cb3-ef0f2bc6efd0
12-27 04:41:12 com_github_MitjaNemec_ReplicateLayout.replicate_layout 985:Src text UUid:e82126a8-0bd2-4a41-878f-9ccb1bc6d62a
12-27 04:41:12 com_github_MitjaNemec_ReplicateLayout.replicate_layout 986:Dst text UUid:020b1c82-f872-4284-b68a-e266853d15e6
12-27 04:41:12 com_github_MitjaNemec_ReplicateLayout.replicate_layout 985:Src text UUid:20fcfbdf-cb94-4c6f-ad4a-a941eb0ccb07
12-27 04:41:12 com_github_MitjaNemec_ReplicateLayout.replicate_layout 986:Dst text UUid:60c11a4f-6d3f-4b26-961e-64136a808d27
12-27 04:41:12 com_github_MitjaNemec_ReplicateLayout.replicate_layout 985:Src text UUid:79531e09-d192-4f4e-b1d8-9f787f7e95fd
12-27 04:41:12 com_github_MitjaNemec_ReplicateLayout.replicate_layout 986:Dst text UUid:037346be-ecc3-4791-a24f-e2e99a90e21e
12-27 04:41:12 com_github_MitjaNemec_ReplicateLayout.replicate_layout 985:Src text UUid:32142b86-c1d0-4f88-90a5-a10fee517e27
12-27 04:41:12 com_github_MitjaNemec_ReplicateLayout.replicate_layout 986:Dst text UUid:38213130-4c18-4b35-b797-e38e7471bbc8
12-27 04:41:12 com_github_MitjaNemec_ReplicateLayout.replicate_layout 985:Src text UUid:d86ad0e4-f070-45bd-a96c-85723311c6b0
12-27 04:41:12 com_github_MitjaNemec_ReplicateLayout.replicate_layout 986:Dst text UUid:ed2f228e-812d-4b73-9afe-10bb18c261a2
12-27 04:41:12 com_github_MitjaNemec_ReplicateLayout.replicate_layout 985:Src text UUid:18c9dac7-aa03-443a-9e1d-3bb8e870c653
12-27 04:41:12 com_github_MitjaNemec_ReplicateLayout.replicate_layout 986:Dst text UUid:48d05b45-9f56-4611-ac78-45c925c464ba
12-27 04:41:12 com_github_MitjaNemec_ReplicateLayout.replicate_layout 985:Src text UUid:14693049-136e-4013-9c2e-b7ed3b69301c
12-27 04:41:12 com_github_MitjaNemec_ReplicateLayout.replicate_layout 986:Dst text UUid:9f11711b-de2c-46dd-b20b-5446b52f2f90
12-27 04:41:12 com_github_MitjaNemec_ReplicateLayout.replicate_layout 985:Src text UUid:33cf3711-a799-4dfa-a8f5-24d54b6fd7d3
12-27 04:41:12 com_github_MitjaNemec_ReplicateLayout.replicate_layout 986:Dst text UUid:8f52f590-88b6-42c9-83d1-cbad8d10948c
12-27 04:41:12 root 332:updating GUI message: 'Replicating tracks'
12-27 04:41:12 com_github_MitjaNemec_ReplicateLayout.replicate_layout 1009:Replicating tracks
12-27 04:41:12 com_github_MitjaNemec_ReplicateLayout.replicate_layout 1015:Replicating tracks on sheet ['controls', 'mono_channel1']
12-27 04:41:12 com_github_MitjaNemec_ReplicateLayout.replicate_layout 792:Net pairs for sheet ['controls', 'mono_channel1'] :[('Net-(J7-PadT)', 'Net-(J1-PadT)'), ('/controls/SEND', '/controls/SEND'), ('Net-(R10-Pad2)', 'Net-(R14-Pad2)'), ('', ''), ('/controls/MIX_R', '/controls/MIX_R'), ('Net-(R7-Pad1)', 'Net-(R5-Pad1)'), ('Net-(R11-Pad2)', 'Net-(R15-Pad2)'), ('GND1', 'GND1'), ('Net-(R12-Pad2)', 'Net-(R13-Pad1)'), ('Net-(R7-Pad2)', 'Net-(R13-Pad2)'), ('unconnected-(J7-PadTN)', 'unconnected-(J1-PadTN)'), ('/controls/MIX_L', '/controls/MIX_L')]
12-27 04:41:12 com_github_MitjaNemec_ReplicateLayout.replicate_layout 1015:Replicating tracks on sheet ['controls', 'mono_channel2']
12-27 04:41:12 com_github_MitjaNemec_ReplicateLayout.replicate_layout 792:Net pairs for sheet ['controls', 'mono_channel2'] :[('Net-(R7-Pad2)', 'Net-(R17-Pad2)'), ('/controls/SEND', '/controls/SEND'), ('', ''), ('/controls/MIX_R', '/controls/MIX_R'), ('Net-(R12-Pad2)', 'Net-(R19-Pad1)'), ('GND1', 'GND1'), ('Net-(R10-Pad2)', 'Net-(R20-Pad2)'), ('Net-(R11-Pad2)', 'Net-(R18-Pad1)'), ('Net-(R7-Pad1)', 'Net-(R17-Pad1)'), ('unconnected-(J7-PadTN)', 'unconnected-(J2-PadTN)'), ('Net-(J7-PadT)', 'Net-(J2-PadT)'), ('/controls/MIX_L', '/controls/MIX_L')]
12-27 04:41:12 com_github_MitjaNemec_ReplicateLayout.replicate_layout 1015:Replicating tracks on sheet ['controls', 'mono_channel3']
12-27 04:41:12 com_github_MitjaNemec_ReplicateLayout.replicate_layout 792:Net pairs for sheet ['controls', 'mono_channel3'] :[('Net-(R12-Pad2)', 'Net-(R29-Pad1)'), ('/controls/SEND', '/controls/SEND'), ('', ''), ('/controls/MIX_R', '/controls/MIX_R'), ('Net-(J7-PadT)', 'Net-(J4-PadT)'), ('unconnected-(J7-PadTN)', 'unconnected-(J4-PadTN)'), ('Net-(R7-Pad1)', 'Net-(R25-Pad1)'), ('GND1', 'GND1'), ('Net-(R10-Pad2)', 'Net-(R30-Pad2)'), ('Net-(R11-Pad2)', 'Net-(R26-Pad1)'), ('Net-(R7-Pad2)', 'Net-(R25-Pad2)'), ('/controls/MIX_L', '/controls/MIX_L')]
12-27 04:41:12 com_github_MitjaNemec_ReplicateLayout.replicate_layout 1015:Replicating tracks on sheet ['controls', 'mono_channel4']
12-27 04:41:12 com_github_MitjaNemec_ReplicateLayout.replicate_layout 792:Net pairs for sheet ['controls', 'mono_channel4'] :[('Net-(R11-Pad2)', 'Net-(R34-Pad1)'), ('Net-(R10-Pad2)', 'Net-(R36-Pad2)'), ('Net-(R7-Pad2)', 'Net-(R33-Pad2)'), ('/controls/SEND', '/controls/SEND'), ('', ''), ('/controls/MIX_R', '/controls/MIX_R'), ('Net-(R12-Pad2)', 'Net-(R35-Pad1)'), ('Net-(R7-Pad1)', 'Net-(R33-Pad1)'), ('GND1', 'GND1'), ('Net-(J7-PadT)', 'Net-(J8-PadT)'), ('unconnected-(J7-PadTN)', 'unconnected-(J8-PadTN)'), ('/controls/MIX_L', '/controls/MIX_L')]
12-27 04:41:12 root 332:updating GUI message: 'Replicating zones'
12-27 04:41:12 com_github_MitjaNemec_ReplicateLayout.replicate_layout 1079:Replicating zones
12-27 04:41:12 com_github_MitjaNemec_ReplicateLayout.replicate_layout 1086:Replicating zones on sheet ['controls', 'mono_channel1']
12-27 04:41:12 com_github_MitjaNemec_ReplicateLayout.replicate_layout 792:Net pairs for sheet ['controls', 'mono_channel1'] :[('Net-(J7-PadT)', 'Net-(J1-PadT)'), ('/controls/SEND', '/controls/SEND'), ('Net-(R10-Pad2)', 'Net-(R14-Pad2)'), ('', ''), ('/controls/MIX_R', '/controls/MIX_R'), ('Net-(R7-Pad1)', 'Net-(R5-Pad1)'), ('Net-(R11-Pad2)', 'Net-(R15-Pad2)'), ('GND1', 'GND1'), ('Net-(R12-Pad2)', 'Net-(R13-Pad1)'), ('Net-(R7-Pad2)', 'Net-(R13-Pad2)'), ('unconnected-(J7-PadTN)', 'unconnected-(J1-PadTN)'), ('/controls/MIX_L', '/controls/MIX_L')]
12-27 04:41:12 com_github_MitjaNemec_ReplicateLayout.replicate_layout 1086:Replicating zones on sheet ['controls', 'mono_channel2']
12-27 04:41:12 com_github_MitjaNemec_ReplicateLayout.replicate_layout 792:Net pairs for sheet ['controls', 'mono_channel2'] :[('Net-(R7-Pad2)', 'Net-(R17-Pad2)'), ('/controls/SEND', '/controls/SEND'), ('', ''), ('/controls/MIX_R', '/controls/MIX_R'), ('Net-(R12-Pad2)', 'Net-(R19-Pad1)'), ('GND1', 'GND1'), ('Net-(R10-Pad2)', 'Net-(R20-Pad2)'), ('Net-(R11-Pad2)', 'Net-(R18-Pad1)'), ('Net-(R7-Pad1)', 'Net-(R17-Pad1)'), ('unconnected-(J7-PadTN)', 'unconnected-(J2-PadTN)'), ('Net-(J7-PadT)', 'Net-(J2-PadT)'), ('/controls/MIX_L', '/controls/MIX_L')]
12-27 04:41:12 com_github_MitjaNemec_ReplicateLayout.replicate_layout 1086:Replicating zones on sheet ['controls', 'mono_channel3']
12-27 04:41:12 com_github_MitjaNemec_ReplicateLayout.replicate_layout 792:Net pairs for sheet ['controls', 'mono_channel3'] :[('Net-(R12-Pad2)', 'Net-(R29-Pad1)'), ('/controls/SEND', '/controls/SEND'), ('', ''), ('/controls/MIX_R', '/controls/MIX_R'), ('Net-(J7-PadT)', 'Net-(J4-PadT)'), ('unconnected-(J7-PadTN)', 'unconnected-(J4-PadTN)'), ('Net-(R7-Pad1)', 'Net-(R25-Pad1)'), ('GND1', 'GND1'), ('Net-(R10-Pad2)', 'Net-(R30-Pad2)'), ('Net-(R11-Pad2)', 'Net-(R26-Pad1)'), ('Net-(R7-Pad2)', 'Net-(R25-Pad2)'), ('/controls/MIX_L', '/controls/MIX_L')]
12-27 04:41:12 com_github_MitjaNemec_ReplicateLayout.replicate_layout 1086:Replicating zones on sheet ['controls', 'mono_channel4']
12-27 04:41:12 com_github_MitjaNemec_ReplicateLayout.replicate_layout 792:Net pairs for sheet ['controls', 'mono_channel4'] :[('Net-(R11-Pad2)', 'Net-(R34-Pad1)'), ('Net-(R10-Pad2)', 'Net-(R36-Pad2)'), ('Net-(R7-Pad2)', 'Net-(R33-Pad2)'), ('/controls/SEND', '/controls/SEND'), ('', ''), ('/controls/MIX_R', '/controls/MIX_R'), ('Net-(R12-Pad2)', 'Net-(R35-Pad1)'), ('Net-(R7-Pad1)', 'Net-(R33-Pad1)'), ('GND1', 'GND1'), ('Net-(J7-PadT)', 'Net-(J8-PadT)'), ('unconnected-(J7-PadTN)', 'unconnected-(J8-PadTN)'), ('/controls/MIX_L', '/controls/MIX_L')]
12-27 04:41:12 root 332:updating GUI message: 'Replicating text'
12-27 04:41:12 com_github_MitjaNemec_ReplicateLayout.replicate_layout 1168:Replicating text
12-27 04:41:12 com_github_MitjaNemec_ReplicateLayout.replicate_layout 1175:Replicating text on sheet ['controls', 'mono_channel1']
12-27 04:41:12 com_github_MitjaNemec_ReplicateLayout.replicate_layout 1175:Replicating text on sheet ['controls', 'mono_channel2']
12-27 04:41:12 com_github_MitjaNemec_ReplicateLayout.replicate_layout 1175:Replicating text on sheet ['controls', 'mono_channel3']
12-27 04:41:12 com_github_MitjaNemec_ReplicateLayout.replicate_layout 1175:Replicating text on sheet ['controls', 'mono_channel4']
12-27 04:41:12 root 332:updating GUI message: 'Replicating drawings'
12-27 04:41:12 com_github_MitjaNemec_ReplicateLayout.replicate_layout 1219:Replicating drawings
12-27 04:41:12 com_github_MitjaNemec_ReplicateLayout.replicate_layout 1225:Replicating drawings on sheet ['controls', 'mono_channel1']
12-27 04:41:12 com_github_MitjaNemec_ReplicateLayout.replicate_layout 1225:Replicating drawings on sheet ['controls', 'mono_channel2']
12-27 04:41:12 com_github_MitjaNemec_ReplicateLayout.replicate_layout 1225:Replicating drawings on sheet ['controls', 'mono_channel3']
12-27 04:41:12 com_github_MitjaNemec_ReplicateLayout.replicate_layout 1225:Replicating drawings on sheet ['controls', 'mono_channel4']
12-27 04:41:12 com_github_MitjaNemec_ReplicateLayout.action_replicate_layout 256:Replication complete
